# JRE version: OpenJDK Runtime Environment Temurin-21.0.7+6 (21.0.7+6) (build 21.0.7+6-LTS)
# Java VM: OpenJDK 64-Bit Server VM Temurin-21.0.7+6 (21.0.7+6-LTS, mixed mode, sharing, tiered, compressed oops, compressed class ptrs, parallel gc, windows-amd64)
GC Precious Log:
 CardTable entry size: 512
 CPUs: 8 total, 8 available
 Memory: 7970M
 Large Page Support: Disabled
 NUMA Support: Disabled
 Compressed Oops: Enabled (32-bit)
 Alignments: Space 512K, Generation 512K, Heap 2M
 Heap Min Capacity: 100M
 Heap Initial Capacity: 100M
 Heap Max Capacity: 2G
 Pre-touch: Disabled
 Parallel Workers: 8
Heap:
 PSYoungGen      total 4096K, used 3379K [0x00000000d5580000, 0x00000000d5b80000, 0x0000000100000000)
  eden space 3072K, 76% used [0x00000000d5580000,0x00000000d57ccf08,0x00000000d5880000)
  from space 1024K, 100% used [0x00000000d5a80000,0x00000000d5b80000,0x00000000d5b80000)
  to   space 1536K, 52% used [0x00000000d5900000,0x00000000d59c8000,0x00000000d5a80000)
 ParOldGen       total 955904K, used 955621K [0x0000000080000000, 0x00000000ba580000, 0x00000000d5580000)
  object space 955904K, 99% used [0x0000000080000000,0x00000000ba539758,0x00000000ba580000)
 Metaspace       used 66101K, committed 67584K, reserved 1114112K
  class space    used 6695K, committed 7360K, reserved 1048576K
GC Heap History (20 events):
Event: 82.651 GC heap before
{Heap before GC invocations=1455 (full 3):
 PSYoungGen      total 4608K, used 4432K [0x00000000d5580000, 0x00000000d5b80000, 0x0000000100000000)
  eden space 3072K, 100% used [0x00000000d5580000,0x00000000d5880000,0x00000000d5880000)
  from space 1536K, 88% used [0x00000000d5980000,0x00000000d5ad4008,0x00000000d5b00000)
  to   space 512K, 0% used [0x00000000d5b00000,0x00000000d5b00000,0x00000000d5b80000)
 ParOldGen       total 945664K, used 945259K [0x0000000080000000, 0x00000000b9b80000, 0x00000000d5580000)
  object space 945664K, 99% used [0x0000000080000000,0x00000000b9b1ac70,0x00000000b9b80000)
 Metaspace       used 66101K, committed 67584K, reserved 1114112K
  class space    used 6695K, committed 7360K, reserved 1048576K
}
Event: 82.664 GC heap after
{Heap after GC invocations=1455 (full 3):
 PSYoungGen      total 3584K, used 512K [0x00000000d5580000, 0x00000000d5d80000, 0x0000000100000000)
  eden space 3072K, 0% used [0x00000000d5580000,0x00000000d5580000,0x00000000d5880000)
  from space 512K, 100% used [0x00000000d5b00000,0x00000000d5b80000,0x00000000d5b80000)
  to   space 2560K, 0% used [0x00000000d5880000,0x00000000d5880000,0x00000000d5b00000)
 ParOldGen       total 947200K, used 947035K [0x0000000080000000, 0x00000000b9d00000, 0x00000000d5580000)
  object space 947200K, 99% used [0x0000000080000000,0x00000000b9cd6e78,0x00000000b9d00000)
 Metaspace       used 66101K, committed 67584K, reserved 1114112K
  class space    used 6695K, committed 7360K, reserved 1048576K
}
Event: 82.716 GC heap before
{Heap before GC invocations=1456 (full 3):
 PSYoungGen      total 3584K, used 3583K [0x00000000d5580000, 0x00000000d5d80000, 0x0000000100000000)
  eden space 3072K, 99% used [0x00000000d5580000,0x00000000d587ffd8,0x00000000d5880000)
  from space 512K, 100% used [0x00000000d5b00000,0x00000000d5b80000,0x00000000d5b80000)
  to   space 2560K, 0% used [0x00000000d5880000,0x00000000d5880000,0x00000000d5b00000)
 ParOldGen       total 947200K, used 947035K [0x0000000080000000, 0x00000000b9d00000, 0x00000000d5580000)
  object space 947200K, 99% used [0x0000000080000000,0x00000000b9cd6e78,0x00000000b9d00000)
 Metaspace       used 66101K, committed 67584K, reserved 1114112K
  class space    used 6695K, committed 7360K, reserved 1048576K
}
Event: 82.729 GC heap after
{Heap after GC invocations=1456 (full 3):
 PSYoungGen      total 5120K, used 1918K [0x00000000d5580000, 0x00000000d5c80000, 0x0000000100000000)
  eden space 3072K, 0% used [0x00000000d5580000,0x00000000d5580000,0x00000000d5880000)
  from space 2048K, 93% used [0x00000000d5880000,0x00000000d5a5fbe8,0x00000000d5a80000)
  to   space 2048K, 0% used [0x00000000d5a80000,0x00000000d5a80000,0x00000000d5c80000)
 ParOldGen       total 947712K, used 947352K [0x0000000080000000, 0x00000000b9d80000, 0x00000000d5580000)
  object space 947712K, 99% used [0x0000000080000000,0x00000000b9d26300,0x00000000b9d80000)
 Metaspace       used 66101K, committed 67584K, reserved 1114112K
  class space    used 6695K, committed 7360K, reserved 1048576K
}
Event: 82.900 GC heap before
{Heap before GC invocations=1457 (full 3):
 PSYoungGen      total 5120K, used 4990K [0x00000000d5580000, 0x00000000d5c80000, 0x0000000100000000)
  eden space 3072K, 100% used [0x00000000d5580000,0x00000000d5880000,0x00000000d5880000)
  from space 2048K, 93% used [0x00000000d5880000,0x00000000d5a5fbe8,0x00000000d5a80000)
  to   space 2048K, 0% used [0x00000000d5a80000,0x00000000d5a80000,0x00000000d5c80000)
 ParOldGen       total 947712K, used 947352K [0x0000000080000000, 0x00000000b9d80000, 0x00000000d5580000)
  object space 947712K, 99% used [0x0000000080000000,0x00000000b9d26300,0x00000000b9d80000)
 Metaspace       used 66101K, committed 67584K, reserved 1114112K
  class space    used 6695K, committed 7360K, reserved 1048576K
}
Event: 82.913 GC heap after
{Heap after GC invocations=1457 (full 3):
 PSYoungGen      total 4096K, used 1014K [0x00000000d5580000, 0x00000000d5b80000, 0x0000000100000000)
  eden space 3072K, 0% used [0x00000000d5580000,0x00000000d5580000,0x00000000d5880000)
  from space 1024K, 99% used [0x00000000d5a80000,0x00000000d5b7d810,0x00000000d5b80000)
  to   space 1536K, 0% used [0x00000000d5880000,0x00000000d5880000,0x00000000d5a00000)
 ParOldGen       total 948736K, used 948316K [0x0000000080000000, 0x00000000b9e80000, 0x00000000d5580000)
  object space 948736K, 99% used [0x0000000080000000,0x00000000b9e17010,0x00000000b9e80000)
 Metaspace       used 66101K, committed 67584K, reserved 1114112K
  class space    used 6695K, committed 7360K, reserved 1048576K
}
Event: 83.112 GC heap before
{Heap before GC invocations=1458 (full 3):
 PSYoungGen      total 4096K, used 4086K [0x00000000d5580000, 0x00000000d5b80000, 0x0000000100000000)
  eden space 3072K, 100% used [0x00000000d5580000,0x00000000d5880000,0x00000000d5880000)
  from space 1024K, 99% used [0x00000000d5a80000,0x00000000d5b7d810,0x00000000d5b80000)
  to   space 1536K, 0% used [0x00000000d5880000,0x00000000d5880000,0x00000000d5a00000)
 ParOldGen       total 948736K, used 948316K [0x0000000080000000, 0x00000000b9e80000, 0x00000000d5580000)
  object space 948736K, 99% used [0x0000000080000000,0x00000000b9e17010,0x00000000b9e80000)
 Metaspace       used 66101K, committed 67584K, reserved 1114112K
  class space    used 6695K, committed 7360K, reserved 1048576K
}
Event: 83.124 GC heap after
{Heap after GC invocations=1458 (full 3):
 PSYoungGen      total 4608K, used 960K [0x00000000d5580000, 0x00000000d5b80000, 0x0000000100000000)
  eden space 3072K, 0% used [0x00000000d5580000,0x00000000d5580000,0x00000000d5880000)
  from space 1536K, 62% used [0x00000000d5880000,0x00000000d5970000,0x00000000d5a00000)
  to   space 1536K, 0% used [0x00000000d5a00000,0x00000000d5a00000,0x00000000d5b80000)
 ParOldGen       total 949248K, used 949202K [0x0000000080000000, 0x00000000b9f00000, 0x00000000d5580000)
  object space 949248K, 99% used [0x0000000080000000,0x00000000b9ef4ad0,0x00000000b9f00000)
 Metaspace       used 66101K, committed 67584K, reserved 1114112K
  class space    used 6695K, committed 7360K, reserved 1048576K
}
Event: 83.297 GC heap before
{Heap before GC invocations=1459 (full 3):
 PSYoungGen      total 4608K, used 4032K [0x00000000d5580000, 0x00000000d5b80000, 0x0000000100000000)
  eden space 3072K, 100% used [0x00000000d5580000,0x00000000d5880000,0x00000000d5880000)
  from space 1536K, 62% used [0x00000000d5880000,0x00000000d5970000,0x00000000d5a00000)
  to   space 1536K, 0% used [0x00000000d5a00000,0x00000000d5a00000,0x00000000d5b80000)
 ParOldGen       total 949248K, used 949202K [0x0000000080000000, 0x00000000b9f00000, 0x00000000d5580000)
  object space 949248K, 99% used [0x0000000080000000,0x00000000b9ef4ad0,0x00000000b9f00000)
 Metaspace       used 66101K, committed 67584K, reserved 1114112K
  class space    used 6695K, committed 7360K, reserved 1048576K
}
Event: 83.311 GC heap after
{Heap after GC invocations=1459 (full 3):
 PSYoungGen      total 4608K, used 1028K [0x00000000d5580000, 0x00000000d5b80000, 0x0000000100000000)
  eden space 3072K, 0% used [0x00000000d5580000,0x00000000d5580000,0x00000000d5880000)
  from space 1536K, 66% used [0x00000000d5a00000,0x00000000d5b01010,0x00000000d5b80000)
  to   space 1536K, 0% used [0x00000000d5880000,0x00000000d5880000,0x00000000d5a00000)
 ParOldGen       total 950272K, used 950020K [0x0000000080000000, 0x00000000ba000000, 0x00000000d5580000)
  object space 950272K, 99% used [0x0000000080000000,0x00000000b9fc12e8,0x00000000ba000000)
 Metaspace       used 66101K, committed 67584K, reserved 1114112K
  class space    used 6695K, committed 7360K, reserved 1048576K
}
Event: 83.481 GC heap before
{Heap before GC invocations=1460 (full 3):
 PSYoungGen      total 4608K, used 4100K [0x00000000d5580000, 0x00000000d5b80000, 0x0000000100000000)
  eden space 3072K, 100% used [0x00000000d5580000,0x00000000d5880000,0x00000000d5880000)
  from space 1536K, 66% used [0x00000000d5a00000,0x00000000d5b01010,0x00000000d5b80000)
  to   space 1536K, 0% used [0x00000000d5880000,0x00000000d5880000,0x00000000d5a00000)
 ParOldGen       total 950272K, used 950020K [0x0000000080000000, 0x00000000ba000000, 0x00000000d5580000)
  object space 950272K, 99% used [0x0000000080000000,0x00000000b9fc12e8,0x00000000ba000000)
 Metaspace       used 66101K, committed 67584K, reserved 1114112K
  class space    used 6695K, committed 7360K, reserved 1048576K
}
Event: 83.496 GC heap after
{Heap after GC invocations=1460 (full 3):
 PSYoungGen      total 4096K, used 1010K [0x00000000d5580000, 0x00000000d5a80000, 0x0000000100000000)
  eden space 3072K, 0% used [0x00000000d5580000,0x00000000d5580000,0x00000000d5880000)
  from space 1024K, 98% used [0x00000000d5880000,0x00000000d597c808,0x00000000d5980000)
  to   space 1024K, 0% used [0x00000000d5980000,0x00000000d5980000,0x00000000d5a80000)
 ParOldGen       total 951296K, used 950964K [0x0000000080000000, 0x00000000ba100000, 0x00000000d5580000)
  object space 951296K, 99% used [0x0000000080000000,0x00000000ba0ad2e8,0x00000000ba100000)
 Metaspace       used 66101K, committed 67584K, reserved 1114112K
  class space    used 6695K, committed 7360K, reserved 1048576K
}
Event: 83.588 GC heap before
{Heap before GC invocations=1461 (full 3):
 PSYoungGen      total 4096K, used 4082K [0x00000000d5580000, 0x00000000d5a80000, 0x0000000100000000)
  eden space 3072K, 100% used [0x00000000d5580000,0x00000000d5880000,0x00000000d5880000)
  from space 1024K, 98% used [0x00000000d5880000,0x00000000d597c808,0x00000000d5980000)
  to   space 1024K, 0% used [0x00000000d5980000,0x00000000d5980000,0x00000000d5a80000)
 ParOldGen       total 951296K, used 950964K [0x0000000080000000, 0x00000000ba100000, 0x00000000d5580000)
  object space 951296K, 99% used [0x0000000080000000,0x00000000ba0ad2e8,0x00000000ba100000)
 Metaspace       used 66101K, committed 67584K, reserved 1114112K
  class space    used 6695K, committed 7360K, reserved 1048576K
}
Event: 83.599 GC heap after
{Heap after GC invocations=1461 (full 3):
 PSYoungGen      total 4096K, used 960K [0x00000000d5580000, 0x00000000d5a80000, 0x0000000100000000)
  eden space 3072K, 0% used [0x00000000d5580000,0x00000000d5580000,0x00000000d5880000)
  from space 1024K, 93% used [0x00000000d5980000,0x00000000d5a70000,0x00000000d5a80000)
  to   space 1024K, 0% used [0x00000000d5880000,0x00000000d5880000,0x00000000d5980000)
 ParOldGen       total 952320K, used 951860K [0x0000000080000000, 0x00000000ba200000, 0x00000000d5580000)
  object space 952320K, 99% used [0x0000000080000000,0x00000000ba18d328,0x00000000ba200000)
 Metaspace       used 66101K, committed 67584K, reserved 1114112K
  class space    used 6695K, committed 7360K, reserved 1048576K
}
Event: 83.724 GC heap before
{Heap before GC invocations=1462 (full 3):
 PSYoungGen      total 4096K, used 4032K [0x00000000d5580000, 0x00000000d5a80000, 0x0000000100000000)
  eden space 3072K, 100% used [0x00000000d5580000,0x00000000d5880000,0x00000000d5880000)
  from space 1024K, 93% used [0x00000000d5980000,0x00000000d5a70000,0x00000000d5a80000)
  to   space 1024K, 0% used [0x00000000d5880000,0x00000000d5880000,0x00000000d5980000)
 ParOldGen       total 952320K, used 951860K [0x0000000080000000, 0x00000000ba200000, 0x00000000d5580000)
  object space 952320K, 99% used [0x0000000080000000,0x00000000ba18d328,0x00000000ba200000)
 Metaspace       used 66101K, committed 67584K, reserved 1114112K
  class space    used 6695K, committed 7360K, reserved 1048576K
}
Event: 83.738 GC heap after
{Heap after GC invocations=1462 (full 3):
 PSYoungGen      total 4096K, used 1024K [0x00000000d5580000, 0x00000000d5d80000, 0x0000000100000000)
  eden space 3072K, 0% used [0x00000000d5580000,0x00000000d5580000,0x00000000d5880000)
  from space 1024K, 100% used [0x00000000d5880000,0x00000000d5980000,0x00000000d5980000)
  to   space 2560K, 0% used [0x00000000d5b00000,0x00000000d5b00000,0x00000000d5d80000)
 ParOldGen       total 953344K, used 952848K [0x0000000080000000, 0x00000000ba300000, 0x00000000d5580000)
  object space 953344K, 99% used [0x0000000080000000,0x00000000ba284158,0x00000000ba300000)
 Metaspace       used 66101K, committed 67584K, reserved 1114112K
  class space    used 6695K, committed 7360K, reserved 1048576K
}
Event: 83.907 GC heap before
{Heap before GC invocations=1463 (full 3):
 PSYoungGen      total 4096K, used 4096K [0x00000000d5580000, 0x00000000d5d80000, 0x0000000100000000)
  eden space 3072K, 100% used [0x00000000d5580000,0x00000000d5880000,0x00000000d5880000)
  from space 1024K, 100% used [0x00000000d5880000,0x00000000d5980000,0x00000000d5980000)
  to   space 2560K, 0% used [0x00000000d5b00000,0x00000000d5b00000,0x00000000d5d80000)
 ParOldGen       total 953344K, used 952848K [0x0000000080000000, 0x00000000ba300000, 0x00000000d5580000)
  object space 953344K, 99% used [0x0000000080000000,0x00000000ba284158,0x00000000ba300000)
 Metaspace       used 66101K, committed 67584K, reserved 1114112K
  class space    used 6695K, committed 7360K, reserved 1048576K
}
Event: 83.924 GC heap after
{Heap after GC invocations=1463 (full 3):
 PSYoungGen      total 4096K, used 960K [0x00000000d5580000, 0x00000000d5c00000, 0x0000000100000000)
  eden space 3072K, 0% used [0x00000000d5580000,0x00000000d5580000,0x00000000d5880000)
  from space 1024K, 93% used [0x00000000d5b00000,0x00000000d5bf0000,0x00000000d5c00000)
  to   space 1536K, 0% used [0x00000000d5900000,0x00000000d5900000,0x00000000d5a80000)
 ParOldGen       total 953856K, used 953637K [0x0000000080000000, 0x00000000ba380000, 0x00000000d5580000)
  object space 953856K, 99% used [0x0000000080000000,0x00000000ba349598,0x00000000ba380000)
 Metaspace       used 66101K, committed 67584K, reserved 1114112K
  class space    used 6695K, committed 7360K, reserved 1048576K
}
Event: 84.022 GC heap before
{Heap before GC invocations=1464 (full 3):
 PSYoungGen      total 4096K, used 4032K [0x00000000d5580000, 0x00000000d5c00000, 0x0000000100000000)
  eden space 3072K, 100% used [0x00000000d5580000,0x00000000d5880000,0x00000000d5880000)
  from space 1024K, 93% used [0x00000000d5b00000,0x00000000d5bf0000,0x00000000d5c00000)
  to   space 1536K, 0% used [0x00000000d5900000,0x00000000d5900000,0x00000000d5a80000)
 ParOldGen       total 953856K, used 953637K [0x0000000080000000, 0x00000000ba380000, 0x00000000d5580000)
  object space 953856K, 99% used [0x0000000080000000,0x00000000ba349598,0x00000000ba380000)
 Metaspace       used 66101K, committed 67584K, reserved 1114112K
  class space    used 6695K, committed 7360K, reserved 1048576K
}
Event: 84.035 GC heap after
{Heap after GC invocations=1464 (full 3):
 PSYoungGen      total 4608K, used 1120K [0x00000000d5580000, 0x00000000d5b80000, 0x0000000100000000)
  eden space 3072K, 0% used [0x00000000d5580000,0x00000000d5580000,0x00000000d5880000)
  from space 1536K, 72% used [0x00000000d5900000,0x00000000d5a18000,0x00000000d5a80000)
  to   space 1024K, 0% used [0x00000000d5a80000,0x00000000d5a80000,0x00000000d5b80000)
 ParOldGen       total 954880K, used 954457K [0x0000000080000000, 0x00000000ba480000, 0x00000000d5580000)
  object space 954880K, 99% used [0x0000000080000000,0x00000000ba4166d8,0x00000000ba480000)
 Metaspace       used 66101K, committed 67584K, reserved 1114112K
  class space    used 6695K, committed 7360K, reserved 1048576K
}

