# JRE version: OpenJDK Runtime Environment Temurin-21.0.7+6 (21.0.7+6) (build 21.0.7+6-LTS)
# Java VM: OpenJDK 64-Bit Server VM Temurin-21.0.7+6 (21.0.7+6-LTS, mixed mode, sharing, tiered, compressed oops, compressed class ptrs, parallel gc, windows-amd64)
GC Precious Log:
 CardTable entry size: 512
 CPUs: 8 total, 8 available
 Memory: 7970M
 Large Page Support: Disabled
 NUMA Support: Disabled
 Compressed Oops: Enabled (32-bit)
 Alignments: Space 512K, Generation 512K, Heap 2M
 Heap Min Capacity: 100M
 Heap Initial Capacity: 100M
 Heap Max Capacity: 2G
 Pre-touch: Disabled
 Parallel Workers: 8
Heap:
 PSYoungGen      total 7680K, used 6959K [0x00000000d5580000, 0x00000000d6100000, 0x0000000100000000)
  eden space 6656K, 99% used [0x00000000d5580000,0x00000000d5bfbd78,0x00000000d5c00000)
  from space 1024K, 31% used [0x00000000d5f00000,0x00000000d5f50000,0x00000000d6000000)
  to   space 512K, 98% used [0x00000000d6080000,0x00000000d60fe398,0x00000000d6100000)
 ParOldGen       total 1041408K, used 1040940K [0x0000000080000000, 0x00000000bf900000, 0x00000000d5580000)
  object space 1041408K, 99% used [0x0000000080000000,0x00000000bf88b2e0,0x00000000bf900000)
 Metaspace       used 73779K, committed 75264K, reserved 1179648K
  class space    used 7494K, committed 8192K, reserved 1048576K
GC Heap History (20 events):
Event: 141.327 GC heap before
{Heap before GC invocations=1579 (full 3):
 PSYoungGen      total 8192K, used 8192K [0x00000000d5580000, 0x00000000d6200000, 0x0000000100000000)
  eden space 6656K, 100% used [0x00000000d5580000,0x00000000d5c00000,0x00000000d5c00000)
  from space 1536K, 100% used [0x00000000d5c00000,0x00000000d5d80000,0x00000000d5d80000)
  to   space 3072K, 0% used [0x00000000d5f00000,0x00000000d5f00000,0x00000000d6200000)
 ParOldGen       total 1022464K, used 1022192K [0x0000000080000000, 0x00000000be680000, 0x00000000d5580000)
  object space 1022464K, 99% used [0x0000000080000000,0x00000000be63c090,0x00000000be680000)
 Metaspace       used 73234K, committed 74688K, reserved 1179648K
  class space    used 7453K, committed 8128K, reserved 1048576K
}
Event: 141.338 GC heap after
{Heap after GC invocations=1579 (full 3):
 PSYoungGen      total 8192K, used 1376K [0x00000000d5580000, 0x00000000d6080000, 0x0000000100000000)
  eden space 6656K, 0% used [0x00000000d5580000,0x00000000d5580000,0x00000000d5c00000)
  from space 1536K, 89% used [0x00000000d5f00000,0x00000000d6058010,0x00000000d6080000)
  to   space 2048K, 0% used [0x00000000d5c80000,0x00000000d5c80000,0x00000000d5e80000)
 ParOldGen       total 1024000K, used 1023705K [0x0000000080000000, 0x00000000be800000, 0x00000000d5580000)
  object space 1024000K, 99% used [0x0000000080000000,0x00000000be7b6550,0x00000000be800000)
 Metaspace       used 73234K, committed 74688K, reserved 1179648K
  class space    used 7453K, committed 8128K, reserved 1048576K
}
Event: 141.605 GC heap before
{Heap before GC invocations=1580 (full 3):
 PSYoungGen      total 8192K, used 8032K [0x00000000d5580000, 0x00000000d6080000, 0x0000000100000000)
  eden space 6656K, 100% used [0x00000000d5580000,0x00000000d5c00000,0x00000000d5c00000)
  from space 1536K, 89% used [0x00000000d5f00000,0x00000000d6058010,0x00000000d6080000)
  to   space 2048K, 0% used [0x00000000d5c80000,0x00000000d5c80000,0x00000000d5e80000)
 ParOldGen       total 1024000K, used 1023705K [0x0000000080000000, 0x00000000be800000, 0x00000000d5580000)
  object space 1024000K, 99% used [0x0000000080000000,0x00000000be7b6550,0x00000000be800000)
 Metaspace       used 73262K, committed 74752K, reserved 1179648K
  class space    used 7458K, committed 8128K, reserved 1048576K
}
Event: 141.623 GC heap after
{Heap after GC invocations=1580 (full 3):
 PSYoungGen      total 8704K, used 1682K [0x00000000d5580000, 0x00000000d6000000, 0x0000000100000000)
  eden space 6656K, 0% used [0x00000000d5580000,0x00000000d5580000,0x00000000d5c00000)
  from space 2048K, 82% used [0x00000000d5c80000,0x00000000d5e249a8,0x00000000d5e80000)
  to   space 1536K, 0% used [0x00000000d5e80000,0x00000000d5e80000,0x00000000d6000000)
 ParOldGen       total 1025024K, used 1025002K [0x0000000080000000, 0x00000000be900000, 0x00000000d5580000)
  object space 1025024K, 99% used [0x0000000080000000,0x00000000be8fa918,0x00000000be900000)
 Metaspace       used 73262K, committed 74752K, reserved 1179648K
  class space    used 7458K, committed 8128K, reserved 1048576K
}
Event: 141.828 GC heap before
{Heap before GC invocations=1581 (full 3):
 PSYoungGen      total 8704K, used 8338K [0x00000000d5580000, 0x00000000d6000000, 0x0000000100000000)
  eden space 6656K, 100% used [0x00000000d5580000,0x00000000d5c00000,0x00000000d5c00000)
  from space 2048K, 82% used [0x00000000d5c80000,0x00000000d5e249a8,0x00000000d5e80000)
  to   space 1536K, 0% used [0x00000000d5e80000,0x00000000d5e80000,0x00000000d6000000)
 ParOldGen       total 1025024K, used 1025002K [0x0000000080000000, 0x00000000be900000, 0x00000000d5580000)
  object space 1025024K, 99% used [0x0000000080000000,0x00000000be8fa918,0x00000000be900000)
 Metaspace       used 73275K, committed 74752K, reserved 1179648K
  class space    used 7458K, committed 8128K, reserved 1048576K
}
Event: 141.844 GC heap after
{Heap after GC invocations=1581 (full 3):
 PSYoungGen      total 7680K, used 1003K [0x00000000d5580000, 0x00000000d5f80000, 0x0000000100000000)
  eden space 6656K, 0% used [0x00000000d5580000,0x00000000d5580000,0x00000000d5c00000)
  from space 1024K, 97% used [0x00000000d5e80000,0x00000000d5f7ac30,0x00000000d5f80000)
  to   space 1536K, 0% used [0x00000000d5c80000,0x00000000d5c80000,0x00000000d5e00000)
 ParOldGen       total 1026560K, used 1026497K [0x0000000080000000, 0x00000000bea80000, 0x00000000d5580000)
  object space 1026560K, 99% used [0x0000000080000000,0x00000000bea706f8,0x00000000bea80000)
 Metaspace       used 73275K, committed 74752K, reserved 1179648K
  class space    used 7458K, committed 8128K, reserved 1048576K
}
Event: 142.232 GC heap before
{Heap before GC invocations=1582 (full 3):
 PSYoungGen      total 7680K, used 7659K [0x00000000d5580000, 0x00000000d5f80000, 0x0000000100000000)
  eden space 6656K, 100% used [0x00000000d5580000,0x00000000d5c00000,0x00000000d5c00000)
  from space 1024K, 97% used [0x00000000d5e80000,0x00000000d5f7ac30,0x00000000d5f80000)
  to   space 1536K, 0% used [0x00000000d5c80000,0x00000000d5c80000,0x00000000d5e00000)
 ParOldGen       total 1026560K, used 1026497K [0x0000000080000000, 0x00000000bea80000, 0x00000000d5580000)
  object space 1026560K, 99% used [0x0000000080000000,0x00000000bea706f8,0x00000000bea80000)
 Metaspace       used 73282K, committed 74752K, reserved 1179648K
  class space    used 7458K, committed 8128K, reserved 1048576K
}
Event: 142.251 GC heap after
{Heap after GC invocations=1582 (full 3):
 PSYoungGen      total 8192K, used 1504K [0x00000000d5580000, 0x00000000d6200000, 0x0000000100000000)
  eden space 6656K, 0% used [0x00000000d5580000,0x00000000d5580000,0x00000000d5c00000)
  from space 1536K, 97% used [0x00000000d5c80000,0x00000000d5df8010,0x00000000d5e00000)
  to   space 3072K, 0% used [0x00000000d5f00000,0x00000000d5f00000,0x00000000d6200000)
 ParOldGen       total 1027584K, used 1027404K [0x0000000080000000, 0x00000000beb80000, 0x00000000d5580000)
  object space 1027584K, 99% used [0x0000000080000000,0x00000000beb53328,0x00000000beb80000)
 Metaspace       used 73282K, committed 74752K, reserved 1179648K
  class space    used 7458K, committed 8128K, reserved 1048576K
}
Event: 142.629 GC heap before
{Heap before GC invocations=1583 (full 3):
 PSYoungGen      total 8192K, used 8160K [0x00000000d5580000, 0x00000000d6200000, 0x0000000100000000)
  eden space 6656K, 100% used [0x00000000d5580000,0x00000000d5c00000,0x00000000d5c00000)
  from space 1536K, 97% used [0x00000000d5c80000,0x00000000d5df8010,0x00000000d5e00000)
  to   space 3072K, 0% used [0x00000000d5f00000,0x00000000d5f00000,0x00000000d6200000)
 ParOldGen       total 1027584K, used 1027404K [0x0000000080000000, 0x00000000beb80000, 0x00000000d5580000)
  object space 1027584K, 99% used [0x0000000080000000,0x00000000beb53328,0x00000000beb80000)
 Metaspace       used 73337K, committed 74816K, reserved 1179648K
  class space    used 7464K, committed 8128K, reserved 1048576K
}
Event: 142.654 GC heap after
{Heap after GC invocations=1583 (full 3):
 PSYoungGen      total 8192K, used 1035K [0x00000000d5580000, 0x00000000d6080000, 0x0000000100000000)
  eden space 6656K, 0% used [0x00000000d5580000,0x00000000d5580000,0x00000000d5c00000)
  from space 1536K, 67% used [0x00000000d5f00000,0x00000000d6002f60,0x00000000d6080000)
  to   space 1536K, 0% used [0x00000000d5c80000,0x00000000d5c80000,0x00000000d5e00000)
 ParOldGen       total 1028096K, used 1027660K [0x0000000080000000, 0x00000000bec00000, 0x00000000d5580000)
  object space 1028096K, 99% used [0x0000000080000000,0x00000000beb93328,0x00000000bec00000)
 Metaspace       used 73337K, committed 74816K, reserved 1179648K
  class space    used 7464K, committed 8128K, reserved 1048576K
}
Event: 142.829 GC heap before
{Heap before GC invocations=1584 (full 3):
 PSYoungGen      total 8192K, used 7691K [0x00000000d5580000, 0x00000000d6080000, 0x0000000100000000)
  eden space 6656K, 100% used [0x00000000d5580000,0x00000000d5c00000,0x00000000d5c00000)
  from space 1536K, 67% used [0x00000000d5f00000,0x00000000d6002f60,0x00000000d6080000)
  to   space 1536K, 0% used [0x00000000d5c80000,0x00000000d5c80000,0x00000000d5e00000)
 ParOldGen       total 1028096K, used 1027660K [0x0000000080000000, 0x00000000bec00000, 0x00000000d5580000)
  object space 1028096K, 99% used [0x0000000080000000,0x00000000beb93328,0x00000000bec00000)
 Metaspace       used 73376K, committed 74880K, reserved 1179648K
  class space    used 7469K, committed 8128K, reserved 1048576K
}
Event: 142.846 GC heap after
{Heap after GC invocations=1584 (full 3):
 PSYoungGen      total 8192K, used 1536K [0x00000000d5580000, 0x00000000d6a00000, 0x0000000100000000)
  eden space 6656K, 0% used [0x00000000d5580000,0x00000000d5580000,0x00000000d5c00000)
  from space 1536K, 100% used [0x00000000d5c80000,0x00000000d5e00000,0x00000000d5e00000)
  to   space 7168K, 0% used [0x00000000d6300000,0x00000000d6300000,0x00000000d6a00000)
 ParOldGen       total 1032704K, used 1032365K [0x0000000080000000, 0x00000000bf080000, 0x00000000d5580000)
  object space 1032704K, 99% used [0x0000000080000000,0x00000000bf02b550,0x00000000bf080000)
 Metaspace       used 73376K, committed 74880K, reserved 1179648K
  class space    used 7469K, committed 8128K, reserved 1048576K
}
Event: 142.948 GC heap before
{Heap before GC invocations=1585 (full 3):
 PSYoungGen      total 8192K, used 8192K [0x00000000d5580000, 0x00000000d6a00000, 0x0000000100000000)
  eden space 6656K, 100% used [0x00000000d5580000,0x00000000d5c00000,0x00000000d5c00000)
  from space 1536K, 100% used [0x00000000d5c80000,0x00000000d5e00000,0x00000000d5e00000)
  to   space 7168K, 0% used [0x00000000d6300000,0x00000000d6300000,0x00000000d6a00000)
 ParOldGen       total 1032704K, used 1032365K [0x0000000080000000, 0x00000000bf080000, 0x00000000d5580000)
  object space 1032704K, 99% used [0x0000000080000000,0x00000000bf02b550,0x00000000bf080000)
 Metaspace       used 73418K, committed 74880K, reserved 1179648K
  class space    used 7473K, committed 8128K, reserved 1048576K
}
Event: 142.974 GC heap after
{Heap after GC invocations=1585 (full 3):
 PSYoungGen      total 12800K, used 5793K [0x00000000d5580000, 0x00000000d6900000, 0x0000000100000000)
  eden space 6656K, 0% used [0x00000000d5580000,0x00000000d5580000,0x00000000d5c00000)
  from space 6144K, 94% used [0x00000000d6300000,0x00000000d68a86f8,0x00000000d6900000)
  to   space 6144K, 0% used [0x00000000d5d00000,0x00000000d5d00000,0x00000000d6300000)
 ParOldGen       total 1034240K, used 1033946K [0x0000000080000000, 0x00000000bf200000, 0x00000000d5580000)
  object space 1034240K, 99% used [0x0000000080000000,0x00000000bf1b6858,0x00000000bf200000)
 Metaspace       used 73418K, committed 74880K, reserved 1179648K
  class space    used 7473K, committed 8128K, reserved 1048576K
}
Event: 143.486 GC heap before
{Heap before GC invocations=1586 (full 3):
 PSYoungGen      total 12800K, used 12449K [0x00000000d5580000, 0x00000000d6900000, 0x0000000100000000)
  eden space 6656K, 100% used [0x00000000d5580000,0x00000000d5c00000,0x00000000d5c00000)
  from space 6144K, 94% used [0x00000000d6300000,0x00000000d68a86f8,0x00000000d6900000)
  to   space 6144K, 0% used [0x00000000d5d00000,0x00000000d5d00000,0x00000000d6300000)
 ParOldGen       total 1034240K, used 1033946K [0x0000000080000000, 0x00000000bf200000, 0x00000000d5580000)
  object space 1034240K, 99% used [0x0000000080000000,0x00000000bf1b6858,0x00000000bf200000)
 Metaspace       used 73647K, committed 75072K, reserved 1179648K
  class space    used 7488K, committed 8128K, reserved 1048576K
}
Event: 143.497 GC heap after
{Heap after GC invocations=1586 (full 3):
 PSYoungGen      total 7680K, used 896K [0x00000000d5580000, 0x00000000d6380000, 0x0000000100000000)
  eden space 6656K, 0% used [0x00000000d5580000,0x00000000d5580000,0x00000000d5c00000)
  from space 1024K, 87% used [0x00000000d5d00000,0x00000000d5de0020,0x00000000d5e00000)
  to   space 3072K, 0% used [0x00000000d6080000,0x00000000d6080000,0x00000000d6380000)
 ParOldGen       total 1039872K, used 1039661K [0x0000000080000000, 0x00000000bf780000, 0x00000000d5580000)
  object space 1039872K, 99% used [0x0000000080000000,0x00000000bf74b690,0x00000000bf780000)
 Metaspace       used 73647K, committed 75072K, reserved 1179648K
  class space    used 7488K, committed 8128K, reserved 1048576K
}
Event: 144.201 GC heap before
{Heap before GC invocations=1587 (full 3):
 PSYoungGen      total 7680K, used 7552K [0x00000000d5580000, 0x00000000d6380000, 0x0000000100000000)
  eden space 6656K, 100% used [0x00000000d5580000,0x00000000d5c00000,0x00000000d5c00000)
  from space 1024K, 87% used [0x00000000d5d00000,0x00000000d5de0020,0x00000000d5e00000)
  to   space 3072K, 0% used [0x00000000d6080000,0x00000000d6080000,0x00000000d6380000)
 ParOldGen       total 1039872K, used 1039661K [0x0000000080000000, 0x00000000bf780000, 0x00000000d5580000)
  object space 1039872K, 99% used [0x0000000080000000,0x00000000bf74b690,0x00000000bf780000)
 Metaspace       used 73716K, committed 75136K, reserved 1179648K
  class space    used 7490K, committed 8128K, reserved 1048576K
}
Event: 144.216 GC heap after
{Heap after GC invocations=1587 (full 3):
 PSYoungGen      total 7168K, used 384K [0x00000000d5580000, 0x00000000d6100000, 0x0000000100000000)
  eden space 6656K, 0% used [0x00000000d5580000,0x00000000d5580000,0x00000000d5c00000)
  from space 512K, 75% used [0x00000000d6080000,0x00000000d60e0000,0x00000000d6100000)
  to   space 1024K, 0% used [0x00000000d5f00000,0x00000000d5f00000,0x00000000d6000000)
 ParOldGen       total 1040384K, used 1040363K [0x0000000080000000, 0x00000000bf800000, 0x00000000d5580000)
  object space 1040384K, 99% used [0x0000000080000000,0x00000000bf7faf28,0x00000000bf800000)
 Metaspace       used 73716K, committed 75136K, reserved 1179648K
  class space    used 7490K, committed 8128K, reserved 1048576K
}
Event: 144.459 GC heap before
{Heap before GC invocations=1588 (full 3):
 PSYoungGen      total 7168K, used 7040K [0x00000000d5580000, 0x00000000d6100000, 0x0000000100000000)
  eden space 6656K, 100% used [0x00000000d5580000,0x00000000d5c00000,0x00000000d5c00000)
  from space 512K, 75% used [0x00000000d6080000,0x00000000d60e0000,0x00000000d6100000)
  to   space 1024K, 0% used [0x00000000d5f00000,0x00000000d5f00000,0x00000000d6000000)
 ParOldGen       total 1040384K, used 1040363K [0x0000000080000000, 0x00000000bf800000, 0x00000000d5580000)
  object space 1040384K, 99% used [0x0000000080000000,0x00000000bf7faf28,0x00000000bf800000)
 Metaspace       used 73762K, committed 75264K, reserved 1179648K
  class space    used 7492K, committed 8192K, reserved 1048576K
}
Event: 144.463 GC heap after
{Heap after GC invocations=1588 (full 3):
 PSYoungGen      total 7680K, used 320K [0x00000000d5580000, 0x00000000d6100000, 0x0000000100000000)
  eden space 6656K, 0% used [0x00000000d5580000,0x00000000d5580000,0x00000000d5c00000)
  from space 1024K, 31% used [0x00000000d5f00000,0x00000000d5f50000,0x00000000d6000000)
  to   space 512K, 0% used [0x00000000d6080000,0x00000000d6080000,0x00000000d6100000)
 ParOldGen       total 1040896K, used 1040427K [0x0000000080000000, 0x00000000bf880000, 0x00000000d5580000)
  object space 1040896K, 99% used [0x0000000080000000,0x00000000bf80af28,0x00000000bf880000)
 Metaspace       used 73762K, committed 75264K, reserved 1179648K
  class space    used 7492K, committed 8192K, reserved 1048576K
}

